build/app/outputs/mapping/release/seeds.txt
mm.org.mcf.app001.MainActivity
mm.org.mcf.app001.MainActivity: MainActivity()
mm.org.mcf.app001.R$anim: int abc_fade_in
mm.org.mcf.app001.R$anim: int abc_fade_out
mm.org.mcf.app001.R$anim: int abc_grow_fade_in_from_bottom
mm.org.mcf.app001.R$anim: int abc_popup_enter
mm.org.mcf.app001.R$anim: int abc_popup_exit
mm.org.mcf.app001.R$anim: int abc_shrink_fade_out_from_bottom
mm.org.mcf.app001.R$anim: int abc_slide_in_bottom
mm.org.mcf.app001.R$anim: int abc_slide_in_top
mm.org.mcf.app001.R$anim: int abc_slide_out_bottom
mm.org.mcf.app001.R$anim: int abc_slide_out_top
mm.org.mcf.app001.R$anim: int abc_tooltip_enter
mm.org.mcf.app001.R$anim: int abc_tooltip_exit
mm.org.mcf.app001.R$attr: int actionBarDivider
mm.org.mcf.app001.R$attr: int actionBarItemBackground
mm.org.mcf.app001.R$attr: int actionBarPopupTheme
mm.org.mcf.app001.R$attr: int actionBarSize
mm.org.mcf.app001.R$attr: int actionBarSplitStyle
mm.org.mcf.app001.R$attr: int actionBarStyle
mm.org.mcf.app001.R$attr: int actionBarTabBarStyle
mm.org.mcf.app001.R$attr: int actionBarTabStyle
mm.org.mcf.app001.R$attr: int actionBarTabTextStyle
mm.org.mcf.app001.R$attr: int actionBarTheme
mm.org.mcf.app001.R$attr: int actionBarWidgetTheme
mm.org.mcf.app001.R$attr: int actionButtonStyle
mm.org.mcf.app001.R$attr: int actionDropDownStyle
mm.org.mcf.app001.R$attr: int actionLayout
mm.org.mcf.app001.R$attr: int actionMenuTextAppearance
mm.org.mcf.app001.R$attr: int actionMenuTextColor
mm.org.mcf.app001.R$attr: int actionModeBackground
mm.org.mcf.app001.R$attr: int actionModeCloseButtonStyle
mm.org.mcf.app001.R$attr: int actionModeCloseDrawable
mm.org.mcf.app001.R$attr: int actionModeCopyDrawable
mm.org.mcf.app001.R$attr: int actionModeCutDrawable
mm.org.mcf.app001.R$attr: int actionModeFindDrawable
mm.org.mcf.app001.R$attr: int actionModePasteDrawable
mm.org.mcf.app001.R$attr: int actionModePopupWindowStyle
mm.org.mcf.app001.R$attr: int actionModeSelectAllDrawable
mm.org.mcf.app001.R$attr: int actionModeShareDrawable
mm.org.mcf.app001.R$attr: int actionModeSplitBackground
mm.org.mcf.app001.R$attr: int actionModeStyle
mm.org.mcf.app001.R$attr: int actionModeWebSearchDrawable
mm.org.mcf.app001.R$bool: int abc_action_bar_embed_tabs
mm.org.mcf.app001.R$bool: int abc_allow_stacked_button_bar
mm.org.mcf.app001.R$bool: int abc_config_actionMenuItemAllCaps
mm.org.mcf.app001.R$color: int abc_background_cache_hint_selector_material_dark
mm.org.mcf.app001.R$color: int abc_background_cache_hint_selector_material_light
mm.org.mcf.app001.R$color: int abc_btn_colored_borderless_text_material
mm.org.mcf.app001.R$color: int abc_btn_colored_text_material
mm.org.mcf.app001.R$color: int abc_color_highlight_material
mm.org.mcf.app001.R$color: int abc_hint_foreground_material_dark
mm.org.mcf.app001.R$color: int abc_hint_foreground_material_light
mm.org.mcf.app001.R$color: int abc_input_method_navigation_guard
mm.org.mcf.app001.R$color: int abc_primary_text_disable_only_material_dark
mm.org.mcf.app001.R$color: int abc_primary_text_disable_only_material_light
mm.org.mcf.app001.R$color: int abc_primary_text_material_dark
mm.org.mcf.app001.R$color: int abc_primary_text_material_light
mm.org.mcf.app001.R$color: int abc_search_url_text
mm.org.mcf.app001.R$color: int abc_search_url_text_normal
mm.org.mcf.app001.R$color: int abc_search_url_text_pressed
mm.org.mcf.app001.R$color: int abc_search_url_text_selected
mm.org.mcf.app001.R$color: int abc_secondary_text_material_dark
mm.org.mcf.app001.R$color: int abc_secondary_text_material_light
mm.org.mcf.app001.R$color: int abc_tint_btn_checkable
mm.org.mcf.app001.R$color: int abc_tint_default
mm.org.mcf.app001.R$color: int abc_tint_edittext
mm.org.mcf.app001.R$color: int abc_tint_seek_thumb
mm.org.mcf.app001.R$color: int abc_tint_spinner
mm.org.mcf.app001.R$color: int abc_tint_switch_track
...
com.google.android.gms.common.stats.StatsEvent
com.google.android.gms.common.stats.WakeLockEvent
com.google.android.gms.common.stats.WakeLockEvent: android.os.Parcelable$Creator CREATOR
com.google.android.gms.common.util.DynamiteApi
com.google.android.gms.common.zzk: android.os.Parcelable$Creator CREATOR
com.google.android.gms.dynamite.DynamiteModule$DynamiteLoaderClassLoader
com.google.android.gms.dynamite.DynamiteModule$DynamiteLoaderClassLoader: java.lang.ClassLoader sClassLoader
com.google.android.gms.dynamite.DynamiteModule$DynamiteLoaderClassLoader: DynamiteModule$DynamiteLoaderClassLoader()
com.google.android.gms.dynamite.descriptors.com.google.android.gms.measurement.dynamite.ModuleDescriptor
com.google.android.gms.dynamite.descriptors.com.google.android.gms.measurement.dynamite.ModuleDescriptor: java.lang.String MODULE_ID
com.google.android.gms.dynamite.descriptors.com.google.android.gms.measurement.dynamite.ModuleDescriptor: int MODULE_VERSION
com.google.android.gms.dynamite.descriptors.com.google.android.gms.measurement.dynamite.ModuleDescriptor: ModuleDescriptor()
com.google.android.gms.internal.location.zzad: android.os.Parcelable$Creator CREATOR
com.google.android.gms.internal.location.zzbd: android.os.Parcelable$Creator CREATOR
com.google.android.gms.internal.location.zzbf: android.os.Parcelable$Creator CREATOR
com.google.android.gms.internal.location.zzbh: android.os.Parcelable$Creator CREATOR
com.google.android.gms.internal.location.zzm: android.os.Parcelable$Creator CREATOR
com.google.android.gms.internal.location.zzo: android.os.Parcelable$Creator CREATOR
com.google.android.gms.internal.measurement.zza: android.os.IBinder asBinder()
com.google.android.gms.internal.measurement.zza: boolean onTransact(int,android.os.Parcel,android.os.Parcel,int)
com.google.android.gms.internal.measurement.zzbk$zza: int zzue
com.google.android.gms.internal.measurement.zzbk$zza: int zzuf
com.google.android.gms.internal.measurement.zzbk$zza: java.lang.String zzug
com.google.android.gms.internal.measurement.zzbk$zza: com.google.android.gms.internal.measurement.zzff zzuh
com.google.android.gms.internal.measurement.zzbk$zza: boolean zzui
com.google.android.gms.internal.measurement.zzbk$zza: com.google.android.gms.internal.measurement.zzbk$zzc zzuj
com.google.android.gms.internal.measurement.zzbk$zza: boolean zzuk
com.google.android.gms.internal.measurement.zzbk$zza: boolean zzul
com.google.android.gms.internal.measurement.zzbk$zza: boolean zzum
com.google.android.gms.internal.measurement.zzbk$zza: com.google.android.gms.internal.measurement.zzbk$zza zzun
com.google.android.gms.internal.measurement.zzbk$zza: com.google.android.gms.internal.measurement.zzgr zzuo
com.google.android.gms.internal.measurement.zzbk$zzb: int zzue
com.google.android.gms.internal.measurement.zzbk$zzb: com.google.android.gms.internal.measurement.zzbk$zze zzup
com.google.android.gms.internal.measurement.zzbk$zzb: com.google.android.gms.internal.measurement.zzbk$zzc zzuq
com.google.android.gms.internal.measurement.zzbk$zzb: boolean zzur
com.google.android.gms.internal.measurement.zzbk$zzb: java.lang.String zzus
com.google.android.gms.internal.measurement.zzbk$zzb: com.google.android.gms.internal.measurement.zzbk$zzb zzut
com.google.android.gms.internal.measurement.zzbk$zzb: com.google.android.gms.internal.measurement.zzgr zzuo
com.google.android.gms.internal.measurement.zzbk$zzc: int zzue
com.google.android.gms.internal.measurement.zzbk$zzc: int zzuu
com.google.android.gms.internal.measurement.zzbk$zzc: boolean zzuv
com.google.android.gms.internal.measurement.zzbk$zzc: java.lang.String zzuw
com.google.android.gms.internal.measurement.zzbk$zzc: java.lang.String zzux
com.google.android.gms.internal.measurement.zzbk$zzc: java.lang.String zzuy
com.google.android.gms.internal.measurement.zzbk$zzc: com.google.android.gms.internal.measurement.zzbk$zzc zzuz
com.google.android.gms.internal.measurement.zzbk$zzc: com.google.android.gms.internal.measurement.zzgr zzuo