build/app/outputs/mapping/release/mapping.txt
mm.org.mcf.app001.MainActivity -> mm.org.mcf.app001.MainActivity:
    void configureFlutterEngine(io.flutter.embedding.engine.FlutterEngine) -> configureFlutterEngine
    void <init>() -> <init>
...
com.transistorsoft.locationmanager.util.b$5 -> com.transistorsoft.locationmanager.util.b$5:
    android.content.Context a -> a
    java.util.List b -> b
    void <init>(android.content.Context,java.util.List) -> <init>
    void run() -> run
com.transistorsoft.locationmanager.util.b$a -> com.transistorsoft.locationmanager.util.b$a:
    android.content.Context a -> a
    void <init>(android.content.Context) -> <init>
    void onPermissionGranted() -> onPermissionGranted
    void onPermissionDenied() -> onPermissionDenied
com.transistorsoft.locationmanager.util.c -> com.transistorsoft.locationmanager.util.c:
    java.lang.String a -> a
    java.lang.String b -> b
    java.lang.String c -> c
    int d -> d
    java.lang.String e -> e
    java.lang.String f -> f
    android.content.Context g -> g
    void <init>(android.content.Context,java.lang.String,java.lang.String) -> <init>
    void run() -> run
    void <clinit>() -> <clinit>
com.transistorsoft.locationmanager.util.d -> com.transistorsoft.locationmanager.util.d:
    java.lang.String a -> a
    void <init>(java.lang.String) -> <init>
    java.lang.String a(java.util.HashMap) -> a
    java.lang.String a(java.lang.String) -> a
    java.lang.String a(java.io.Reader) -> a
com.transistorsoft.tsbackgroundfetch.BGTask -> com.transistorsoft.tsbackgroundfetch.BGTask:
    java.util.List mTasks -> mTasks
    com.transistorsoft.tsbackgroundfetch.FetchJobService$CompletionHandler mCompletionHandler -> mCompletionHandler
    java.lang.String mTaskId -> mTaskId
    int mJobId -> mJobId
    com.transistorsoft.tsbackgroundfetch.BGTask getTask(java.lang.String) -> getTask
    void addTask(com.transistorsoft.tsbackgroundfetch.BGTask) -> addTask
    void removeTask(java.lang.String) -> removeTask
    void clear() -> clear
    void <init>(java.lang.String,com.transistorsoft.tsbackgroundfetch.FetchJobService$CompletionHandler,int) -> <init>
    java.lang.String getTaskId() -> getTaskId
    int getJobId() -> getJobId
    boolean hasTaskId(java.lang.String) -> hasTaskId
    void setCompletionHandler(com.transistorsoft.tsbackgroundfetch.FetchJobService$CompletionHandler) -> setCompletionHandler
    void finish() -> finish
    void schedule(android.content.Context,com.transistorsoft.tsbackgroundfetch.BackgroundFetchConfig) -> schedule
    void fireHeadlessEvent(android.content.Context,com.transistorsoft.tsbackgroundfetch.BackgroundFetchConfig) -> fireHeadlessEvent
    void cancel(android.content.Context,java.lang.String,int) -> cancel
    android.app.PendingIntent getAlarmPI(android.content.Context,java.lang.String) -> getAlarmPI
    java.lang.String toString() -> toString
    void <clinit>() -> <clinit>
com.transistorsoft.tsbackgroundfetch.BGTask$Error -> com.transistorsoft.tsbackgroundfetch.BGTask$Error:
    void <init>(java.lang.String) -> <init>