build/app/outputs/mapping/release/usage.txt
mm.org.mcf.app001.BuildConfig
mm.org.mcf.app001.R
mm.org.mcf.app001.R$anim
mm.org.mcf.app001.R$attr
mm.org.mcf.app001.R$bool
mm.org.mcf.app001.R$color
mm.org.mcf.app001.R$dimen
mm.org.mcf.app001.R$drawable
mm.org.mcf.app001.R$id
mm.org.mcf.app001.R$integer
mm.org.mcf.app001.R$layout
mm.org.mcf.app001.R$mipmap
mm.org.mcf.app001.R$string
mm.org.mcf.app001.R$style
mm.org.mcf.app001.R$styleable
mm.org.mcf.app001.R$xml
...
kotlin.jvm.internal.ShortCompanionObject
kotlin.jvm.internal.ShortSpreadBuilder
kotlin.jvm.internal.SpreadBuilder
kotlin.jvm.internal.StringCompanionObject
kotlin.jvm.internal.TypeIntrinsics
kotlin.jvm.internal.TypeReference
kotlin.jvm.internal.TypeReference$WhenMappings
kotlin.jvm.internal.TypeReference$asString$args$1
kotlin.jvm.internal.markers.KMappedMarker
kotlin.jvm.internal.markers.KMutableCollection
kotlin.jvm.internal.markers.KMutableIterable
kotlin.jvm.internal.markers.KMutableIterator
kotlin.jvm.internal.markers.KMutableList
kotlin.jvm.internal.markers.KMutableListIterator
kotlin.jvm.internal.markers.KMutableMap
kotlin.jvm.internal.markers.KMutableMap$Entry
kotlin.jvm.internal.markers.KMutableSet
kotlin.jvm.internal.unsafe.MonitorKt
kotlin.math.Constants
kotlin.math.MathKt
kotlin.math.MathKt__MathHKt
kotlin.math.MathKt__MathJVMKt
kotlin.math.UMathKt
kotlin.native.concurrent.SharedImmutable
kotlin.native.concurrent.ThreadLocal
kotlin.properties.Delegates
kotlin.properties.Delegates$observable$1
kotlin.properties.Delegates$vetoable$1
kotlin.properties.NotNullVar
kotlin.properties.ObservableProperty
kotlin.properties.ReadOnlyProperty
kotlin.properties.ReadWriteProperty
kotlin.random.AbstractPlatformRandom
kotlin.random.FallbackThreadLocalRandom
kotlin.random.FallbackThreadLocalRandom$implStorage$1
kotlin.random.KotlinRandom
kotlin.random.PlatformRandom
kotlin.random.PlatformRandomKt
kotlin.random.Random
kotlin.random.Random$Companion
kotlin.random.Random$Default
kotlin.random.RandomKt
kotlin.random.URandomKt
kotlin.random.XorWowRandom
kotlin.ranges.CharProgression
kotlin.ranges.CharProgression$Companion
kotlin.ranges.CharProgressionIterator
kotlin.ranges.CharRange
kotlin.ranges.CharRange$Companion
kotlin.ranges.ClosedDoubleRange
kotlin.ranges.ClosedFloatRange
kotlin.ranges.ClosedFloatingPointRange
kotlin.ranges.ClosedFloatingPointRange$DefaultImpls
kotlin.ranges.ClosedRange
kotlin.ranges.ClosedRange$DefaultImpls
kotlin.ranges.ComparableRange
kotlin.ranges.IntProgression:
    97:97:public final int getStep()
kotlin.ranges.IntProgression$Companion:
    122:122:public final kotlin.ranges.IntProgression fromClosedRange(int,int,int)
kotlin.ranges.IntProgressionIterator:
    38:38:public final int getStep()
kotlin.ranges.IntRange:
    40:40:public java.lang.Integer getStart()
    39:39:public bridge synthetic java.lang.Comparable getStart()
    41:41:public java.lang.Integer getEndInclusive()
    39:39:public bridge synthetic java.lang.Comparable getEndInclusive()
    43:43:public boolean contains(int)
    39:39:public bridge synthetic boolean contains(java.lang.Comparable)
    39:39:public static final synthetic kotlin.ranges.IntRange access$getEMPTY$cp()
kotlin.ranges.IntRange$Companion:
    58:58:public final kotlin.ranges.IntRange getEMPTY()
kotlin.ranges.LongProgression
kotlin.ranges.LongProgression$Companion
kotlin.ranges.LongProgressionIterator
kotlin.ranges.LongRange
kotlin.ranges.LongRange$Companion
kotlin.ranges.RangesKt
kotlin.ranges.RangesKt__RangesJVMKt
kotlin.ranges.RangesKt__RangesKt
kotlin.ranges.RangesKt___RangesKt
kotlin.ranges.UIntProgression
kotlin.ranges.UIntProgression$Companion
kotlin.ranges.UIntProgressionIterator
kotlin.ranges.UIntRange
kotlin.ranges.UIntRange$Companion
kotlin.ranges.ULongProgression
kotlin.ranges.ULongProgression$Companion
kotlin.ranges.ULongProgressionIterator
kotlin.ranges.ULongRange
kotlin.ranges.ULongRange$Companion
kotlin.ranges.URangesKt
kotlin.ranges.URangesKt___URangesKt
kotlin.reflect.KAnnotatedElement
kotlin.reflect.KCallable
kotlin.reflect.KCallable$DefaultImpls
kotlin.reflect.KClass
kotlin.reflect.KClass$DefaultImpls
kotlin.reflect.KClassifier
kotlin.reflect.KDeclarationContainer
kotlin.reflect.KFunction
kotlin.reflect.KFunction$DefaultImpls
kotlin.reflect.KMutableProperty
kotlin.reflect.KMutableProperty$Setter
kotlin.reflect.KMutableProperty0
kotlin.reflect.KMutableProperty0$Setter
kotlin.reflect.KMutableProperty1
kotlin.reflect.KMutableProperty1$Setter